========================================
GIT SETUP CHECKPOINT LOG
========================================
Date: 2026-02-09
Phase: GitHub Dev Infrastructure Setup
Status: ✅ COMPLETED

========================================
TASK EXECUTION SUMMARY
========================================

1. ✅ Connect to GitHub Remote
   - Remote added: https://github.com/Jhazy33/cutting-edge-barbershop.git
   - Fetched from origin successfully
   - Branches available: main, dev

2. ✅ Setup Dev Branch
   - Dev branch exists on remote
   - Checked out: dev (tracking origin/dev)
   - Local branch: dev
   - Remote branch: origin/dev

3. ✅ .gitignore Verification
   - File exists and is well-configured
   - Exclusions: node_modules/, .DS_Store, dist/, .env, .vercel

4. ✅ Verify Dev Environment (LOCAL)
   - Current branch: dev
   - Status: Up to date with origin/dev
   - Recent commits:
     * f207eaf4 fix: Refine FloatingConcierge component styling
     * 281d74c2 fix: Update FloatingConcierge component styling
     * 871ac412 fix: Update FloatingConcierge, Footer, and Navbar components

5. ✅ Initialize Git on VPS
   - Git initialized on VPS at /root/NeXXT_WhatsGoingOn
   - Safe directory configured
   - Remote added successfully
   - Fetched from origin

6. ✅ Sync VPS with Dev Branch
   - VPS switched to dev branch
   - Tracking origin/dev
   - Status: Up to date

========================================
DELIVERABLES STATUS
========================================

✅ Local git repository: Initialized and committed
✅ Connected to GitHub remote: origin configured
✅ Dev branch active: YES (local and VPS)
✅ Dev branch pushed: YES (tracking origin/dev)
✅ VPS git initialized: YES
✅ VPS synced with Dev: YES

========================================
CONFIGURATION DETAILS
========================================

LOCAL REPOSITORY:
- Path: /Users/jhazy/AI_Projects/Cutting Edge
- Current Branch: dev
- Remote: origin (https://github.com/Jhazy33/cutting-edge-barbershop.git)
- Tracking: origin/dev

VPS REPOSITORY:
- Path: /root/NeXXT_WhatsGoingOn
- Current Branch: dev
- Remote: origin (https://github.com/Jhazy33/cutting-edge-barbershop.git)
- Tracking: origin/dev

========================================
NEXT RECOMMENDED STEPS
========================================

1. Commit any local changes to dev branch
2. Push to origin/dev
3. On VPS: git pull origin dev
4. Verify deployment workflow

========================================
END OF CHECKPOINT
========================================
